<?xml version="1.0" encoding="UTF-8"?>
<!-- Generated by org.testng.reporters.JUnitReportReporter -->
<testsuite skipped="1" hostname="LAPTOP-254PFEA3" name="TestCases.AddCustomerTest" tests="4" failures="0" timestamp="2021-01-05T16:05:18 IST" time="2.389" errors="0">
  <testcase name="addCustomerTest" time="0.544" classname="TestCases.AddCustomerTest"/>
  <system-out>
Add customer test executed <br>  </system-out>
  <testcase name="addCustomerTest" time="1.225" classname="TestCases.AddCustomerTest"/>
  <system-out>
Add customer test executed <br>  </system-out>
  <testcase name="addCustomerTest" time="0.001" classname="TestCases.AddCustomerTest">
    <skipped/>
  </testcase> <!-- addCustomerTest -->
  <system-out/>
  <testcase name="addCustomerTest" time="0.619" classname="TestCases.AddCustomerTest"/>
  <system-out>
Add customer test executed <br>  </system-out>
</testsuite> <!-- TestCases.AddCustomerTest -->
