<?xml version="1.0" encoding="UTF-8"?>
<!-- Generated by org.testng.reporters.JUnitReportReporter -->
<testsuite skipped="0" hostname="LAPTOP-254PFEA3" name="TestCases.BankManagerLoginTest" tests="1" failures="0" timestamp="2020-12-19T15:26:53 IST" time="2.382" errors="0">
  <testcase name="loginAsBankManager" time="2.382" classname="TestCases.BankManagerLoginTest"/>
  <system-out>
Login as bank manager test executed <br>  </system-out>
</testsuite> <!-- TestCases.BankManagerLoginTest -->
