<?xml version="1.0" encoding="UTF-8"?>
<!-- Generated by org.testng.reporters.JUnitReportReporter -->
<testsuite skipped="0" hostname="LAPTOP-254PFEA3" name="TestCases.OpenAccountTest" tests="1" failures="0" timestamp="2021-01-05T16:05:18 IST" time="1.582" errors="0">
  <testcase name="openAccountTest" time="1.582" classname="TestCases.OpenAccountTest"/>
  <system-out>
Open account test executed <br>  </system-out>
</testsuite> <!-- TestCases.OpenAccountTest -->
