<?xml version="1.0" encoding="UTF-8"?>
<!-- Generated by org.testng.reporters.JUnitReportReporter -->
<testsuite skipped="0" hostname="LAPTOP-254PFEA3" name="TestCases.BankManagerLoginTest" tests="1" failures="0" timestamp="2021-01-05T16:05:18 IST" time="0.344" errors="0">
  <testcase name="BankManagerLoginTest" time="0.344" classname="TestCases.BankManagerLoginTest"/>
  <system-out>
Login as bank manager test executed <br>  </system-out>
</testsuite> <!-- TestCases.BankManagerLoginTest -->
